<?xml version="1.0" encoding="UTF-8"?>
<!-- Generated by org.testng.reporters.JUnitReportReporter -->
<testsuite skipped="8" hostname="DESKTOP-B75F35K" name="smokeTestIE.ValidateSmokeTest" tests="31" failures="0" timestamp="22 May 2018 04:38:16 GMT" time="593.594" errors="0">
  <testcase name="ValidateLogin" time="63.734" classname="smokeTestIE.ValidateSmokeTest"/>
  <testcase name="ValidateFavoriteIcon" time="51.673" classname="smokeTestIE.ValidateSmokeTest"/>
  <testcase name="ValidateSearching" time="21.860" classname="smokeTestIE.ValidateSmokeTest"/>
  <testcase name="ValidatePDP" time="24.063" classname="smokeTestIE.ValidateSmokeTest"/>
  <testcase name="ValidateRecentViewLink" time="20.657" classname="smokeTestIE.ValidateSmokeTest"/>
  <testcase name="ValidateFooterLogo" time="4.046" classname="smokeTestIE.ValidateSmokeTest"/>
  <testcase name="ValidateMyProfNavigation" time="26.672" classname="smokeTestIE.ValidateSmokeTest"/>
  <testcase name="ValidateHeaderLogo" time="10.422" classname="smokeTestIE.ValidateSmokeTest"/>
  <testcase name="ValidateStandardsCatalog" time="45.437" classname="smokeTestIE.ValidateSmokeTest"/>
  <testcase name="ValidateStandardsCatalogDetail" time="16.532" classname="smokeTestIE.ValidateSmokeTest"/>
  <testcase name="ValidateAllProduct" time="18.890" classname="smokeTestIE.ValidateSmokeTest"/>
  <testcase name="ValidateAudioCablesCategory" time="24.173" classname="smokeTestIE.ValidateSmokeTest"/>
  <testcase name="ValidateResources" time="27.985" classname="smokeTestIE.ValidateSmokeTest"/>
  <testcase name="ValidateSpecialOffer" time="9.766" classname="smokeTestIE.ValidateSmokeTest"/>
  <testcase name="ValidateCartPage" time="5.125" classname="smokeTestIE.ValidateSmokeTest"/>
  <testcase name="ValidateFooterLinks" time="56.313" classname="smokeTestIE.ValidateSmokeTest"/>
  <testcase name="ValidateTrackpage" time="31.312" classname="smokeTestIE.ValidateSmokeTest"/>
  <testcase name="ValidateordersPage" time="16.969" classname="smokeTestIE.ValidateSmokeTest"/>
  <testcase name="ValidatePurchaseAnalysisPage" time="26.641" classname="smokeTestIE.ValidateSmokeTest"/>
  <testcase name="ValidatePAEmail" time="2.785" classname="smokeTestIE.ValidateSmokeTest"/>
  <testcase name="ValidateCalendarPage" time="18.647" classname="smokeTestIE.ValidateSmokeTest"/>
  <testcase name="ValidateSavedReports" time="22.892" classname="smokeTestIE.ValidateSmokeTest"/>
  <testcase name="ValidateComparePage" time="47.000" classname="smokeTestIE.ValidateSmokeTest"/>
  <testcase name="ValidateAddTofavorites" classname="smokeTestIE.ValidateSmokeTest">
    <skipped/>
  </testcase> <!-- ValidateAddTofavorites -->
  <testcase name="ValidateAddToCart" classname="smokeTestIE.ValidateSmokeTest">
    <skipped/>
  </testcase> <!-- ValidateAddToCart -->
  <testcase name="ValidateCheckoutFooterLogo" classname="smokeTestIE.ValidateSmokeTest">
    <skipped/>
  </testcase> <!-- ValidateCheckoutFooterLogo -->
  <testcase name="ValidateCheckoutProcess" classname="smokeTestIE.ValidateSmokeTest">
    <skipped/>
  </testcase> <!-- ValidateCheckoutProcess -->
  <testcase name="ValidateRemoveFromCart" classname="smokeTestIE.ValidateSmokeTest">
    <skipped/>
  </testcase> <!-- ValidateRemoveFromCart -->
  <testcase name="ValidateCalendarLinks" classname="smokeTestIE.ValidateSmokeTest">
    <skipped/>
  </testcase> <!-- ValidateCalendarLinks -->
  <testcase name="ValidateAllReportsLinks" classname="smokeTestIE.ValidateSmokeTest">
    <skipped/>
  </testcase> <!-- ValidateAllReportsLinks -->
  <testcase name="ValidateCheckoutHeaderLogo" classname="smokeTestIE.ValidateSmokeTest">
    <skipped/>
  </testcase> <!-- ValidateCheckoutHeaderLogo -->
</testsuite> <!-- smokeTestIE.ValidateSmokeTest -->
